<?xml version="1.0" encoding="UTF-8"?>
<!-- Generated by org.testng.reporters.JUnitXMLReporter -->
<testsuite ignored="0" hostname="DESKTOP-LE78F7L" failures="0" tests="4" name="Default test" time="28.358" errors="0" timestamp="2021-04-03T08:57:34 IST">
  <testcase classname="testscripts.regression.ValidateLoginPOM" name="validateLoginPOMTest" time="2.024"/>
  <testcase classname="testscripts.regression.ValidateLoginPOM" name="validateLoginPOMTest" time="0.626"/>
  <testcase classname="testscripts.regression.ValidateLoginPOM" name="validateLoginPOMTest" time="0.64"/>
  <testcase classname="testscripts.regression.ValidateLoginPOM" name="validateLoginPOMTest" time="0.588"/>
</testsuite> <!-- Default test -->
