<?xml version="1.0" encoding="UTF-8"?>
<!-- Generated by org.testng.reporters.JUnitXMLReporter -->
<testsuite ignored="0" hostname="DESKTOP-LE78F7L" failures="0" tests="4" name="Test" time="34.442" errors="0" timestamp="2021-04-06T11:04:18 IST">
  <testcase classname="testscripts.regression.ValidateLoginPOM" name="validateLoginPOMTest" time="2.483"/>
  <testcase classname="testscripts.regression.ValidateLoginPOM" name="validateLoginPOMTest" time="0.725"/>
  <testcase classname="testscripts.regression.ValidateLoginPOM" name="validateLoginPOMTest" time="1.422"/>
  <testcase classname="testscripts.regression.ValidateLoginPOM" name="validateLoginPOMTest" time="0.729"/>
</testsuite> <!-- Test -->
