<?xml version="1.0" encoding="UTF-8"?>
<!-- Generated by org.testng.reporters.JUnitXMLReporter -->
<testsuite hostname="DESKTOP-LE78F7L" ignored="0" name="Test" tests="4" failures="0" timestamp="2021-04-05T23:15:11 IST" time="29.927" errors="0">
  <testcase name="validateLoginPOMTest" time="1.657" classname="testscripts.regression.ValidateLoginPOM"/>
  <testcase name="validateLoginPOMTest" time="0.568" classname="testscripts.regression.ValidateLoginPOM"/>
  <testcase name="validateLoginPOMTest" time="0.561" classname="testscripts.regression.ValidateLoginPOM"/>
  <testcase name="validateLoginPOMTest" time="0.533" classname="testscripts.regression.ValidateLoginPOM"/>
</testsuite> <!-- Test -->
