<?xml version="1.0" encoding="UTF-8"?>
<testng-results skipped="0" failed="0" ignored="0" total="4" passed="4">
  <reporter-output>
  </reporter-output>
  <suite name="Suite" duration-ms="29927" started-at="2021-04-05T23:14:41 IST" finished-at="2021-04-05T23:15:11 IST">
    <groups>
    </groups>
    <test name="Test" duration-ms="29927" started-at="2021-04-05T23:14:41 IST" finished-at="2021-04-05T23:15:11 IST">
      <class name="testscripts.regression.ValidateLoginPOM">
        <test-method status="PASS" signature="setUp()[pri:0, instance:testscripts.regression.ValidateLoginPOM@5a1c0542]" name="setUp" is-config="true" duration-ms="8" started-at="2021-04-05T23:14:41 IST" finished-at="2021-04-05T23:14:41 IST">
          <reporter-output>
          </reporter-output>
        </test-method> <!-- setUp -->
        <test-method status="PASS" signature="startTest()[pri:0, instance:testscripts.regression.ValidateLoginPOM@5a1c0542]" name="startTest" is-config="true" duration-ms="5815" started-at="2021-04-05T23:14:41 IST" finished-at="2021-04-05T23:14:47 IST">
          <reporter-output>
          </reporter-output>
        </test-method> <!-- startTest -->
        <test-method status="PASS" signature="validateLoginPOMTest(java.lang.String, java.lang.String, java.lang.String)[pri:0, instance:testscripts.regression.ValidateLoginPOM@5a1c0542]" name="validateLoginPOMTest" duration-ms="1657" started-at="2021-04-05T23:14:47 IST" data-provider="getData" finished-at="2021-04-05T23:14:49 IST">
          <params>
            <param index="0">
              <value>
                <![CDATA[reyaz009]]>
              </value>
            </param>
            <param index="1">
              <value>
                <![CDATA[reyaz123]]>
              </value>
            </param>
            <param index="2">
              <value>
                <![CDATA[Adactin.com - Search Hotel]]>
              </value>
            </param>
          </params>
          <reporter-output>
          </reporter-output>
        </test-method> <!-- validateLoginPOMTest -->
        <test-method status="PASS" signature="tearDown()[pri:0, instance:testscripts.regression.ValidateLoginPOM@5a1c0542]" name="tearDown" is-config="true" duration-ms="849" started-at="2021-04-05T23:14:49 IST" finished-at="2021-04-05T23:14:50 IST">
          <reporter-output>
          </reporter-output>
        </test-method> <!-- tearDown -->
        <test-method status="PASS" signature="startTest()[pri:0, instance:testscripts.regression.ValidateLoginPOM@5a1c0542]" name="startTest" is-config="true" duration-ms="4952" started-at="2021-04-05T23:14:50 IST" finished-at="2021-04-05T23:14:55 IST">
          <reporter-output>
          </reporter-output>
        </test-method> <!-- startTest -->
        <test-method status="PASS" signature="validateLoginPOMTest(java.lang.String, java.lang.String, java.lang.String)[pri:0, instance:testscripts.regression.ValidateLoginPOM@5a1c0542]" name="validateLoginPOMTest" duration-ms="568" started-at="2021-04-05T23:14:55 IST" data-provider="getData" finished-at="2021-04-05T23:14:55 IST">
          <params>
            <param index="0">
              <value>
                <![CDATA[reyaz009]]>
              </value>
            </param>
            <param index="1">
              <value>
                <![CDATA[reyaz456]]>
              </value>
            </param>
            <param index="2">
              <value>
                <![CDATA[Adactin.com - Hotel Reservation System]]>
              </value>
            </param>
          </params>
          <reporter-output>
          </reporter-output>
        </test-method> <!-- validateLoginPOMTest -->
        <test-method status="PASS" signature="tearDown()[pri:0, instance:testscripts.regression.ValidateLoginPOM@5a1c0542]" name="tearDown" is-config="true" duration-ms="645" started-at="2021-04-05T23:14:56 IST" finished-at="2021-04-05T23:14:57 IST">
          <reporter-output>
          </reporter-output>
        </test-method> <!-- tearDown -->
        <test-method status="PASS" signature="startTest()[pri:0, instance:testscripts.regression.ValidateLoginPOM@5a1c0542]" name="startTest" is-config="true" duration-ms="4951" started-at="2021-04-05T23:14:57 IST" finished-at="2021-04-05T23:15:02 IST">
          <reporter-output>
          </reporter-output>
        </test-method> <!-- startTest -->
        <test-method status="PASS" signature="validateLoginPOMTest(java.lang.String, java.lang.String, java.lang.String)[pri:0, instance:testscripts.regression.ValidateLoginPOM@5a1c0542]" name="validateLoginPOMTest" duration-ms="561" started-at="2021-04-05T23:15:02 IST" data-provider="getData" finished-at="2021-04-05T23:15:02 IST">
          <params>
            <param index="0">
              <value>
                <![CDATA[reyaz003]]>
              </value>
            </param>
            <param index="1">
              <value>
                <![CDATA[reyaz456]]>
              </value>
            </param>
            <param index="2">
              <value>
                <![CDATA[Adactin.com - Hotel Reservation System]]>
              </value>
            </param>
          </params>
          <reporter-output>
          </reporter-output>
        </test-method> <!-- validateLoginPOMTest -->
        <test-method status="PASS" signature="tearDown()[pri:0, instance:testscripts.regression.ValidateLoginPOM@5a1c0542]" name="tearDown" is-config="true" duration-ms="611" started-at="2021-04-05T23:15:02 IST" finished-at="2021-04-05T23:15:03 IST">
          <reporter-output>
          </reporter-output>
        </test-method> <!-- tearDown -->
        <test-method status="PASS" signature="startTest()[pri:0, instance:testscripts.regression.ValidateLoginPOM@5a1c0542]" name="startTest" is-config="true" duration-ms="5895" started-at="2021-04-05T23:15:03 IST" finished-at="2021-04-05T23:15:09 IST">
          <reporter-output>
          </reporter-output>
        </test-method> <!-- startTest -->
        <test-method status="PASS" signature="validateLoginPOMTest(java.lang.String, java.lang.String, java.lang.String)[pri:0, instance:testscripts.regression.ValidateLoginPOM@5a1c0542]" name="validateLoginPOMTest" duration-ms="533" started-at="2021-04-05T23:15:09 IST" data-provider="getData" finished-at="2021-04-05T23:15:10 IST">
          <params>
            <param index="0">
              <value>
                <![CDATA[rays123]]>
              </value>
            </param>
            <param index="1">
              <value>
                <![CDATA[rays011]]>
              </value>
            </param>
            <param index="2">
              <value>
                <![CDATA[Adactin.com - Hotel Reservation System]]>
              </value>
            </param>
          </params>
          <reporter-output>
          </reporter-output>
        </test-method> <!-- validateLoginPOMTest -->
        <test-method status="PASS" signature="tearDown()[pri:0, instance:testscripts.regression.ValidateLoginPOM@5a1c0542]" name="tearDown" is-config="true" duration-ms="618" started-at="2021-04-05T23:15:10 IST" finished-at="2021-04-05T23:15:11 IST">
          <reporter-output>
          </reporter-output>
        </test-method> <!-- tearDown -->
      </class> <!-- testscripts.regression.ValidateLoginPOM -->
    </test> <!-- Test -->
  </suite> <!-- Suite -->
</testng-results>
